[INFO ] [2021-07-19 20:48:00,121] OS name = windows 10
[INFO ] [2021-07-19 20:48:00,985] ---------- QUIT BROWSER SUCCESS ----------
[INFO ] [2021-07-19 22:59:01,707] Step 01: Get login page
[INFO ] [2021-07-19 22:59:01,710] Step 02: Input user name textbox
[INFO ] [2021-07-19 22:59:01,933] Step 03: Input password textbox
[INFO ] [2021-07-19 22:59:02,064] Step 04: Click login button
[INFO ] [2021-07-19 22:59:02,176] Step 05: Verify login successful
[INFO ] [2021-07-19 22:59:32,505] OS name = windows 10
[INFO ] [2021-07-19 22:59:33,249] ---------- QUIT BROWSER SUCCESS ----------
[INFO ] [2021-07-19 23:01:01,287] Step 01: Get login page
[INFO ] [2021-07-19 23:01:01,290] Step 02: Input user name textbox
[INFO ] [2021-07-19 23:01:01,514] Step 03: Input password textbox
[INFO ] [2021-07-19 23:01:01,710] Step 04: Click login button
[INFO ] [2021-07-19 23:01:06,054] Step 05: Verify login successful
[INFO ] [2021-07-19 23:01:06,093]  -------------------------- PASSED -------------------------- 
[INFO ] [2021-07-19 23:01:06,414] OS name = windows 10
[INFO ] [2021-07-19 23:01:07,557] ---------- QUIT BROWSER SUCCESS ----------
[INFO ] [2021-07-19 23:58:47,003] Step 01: Get login page
[INFO ] [2021-07-19 23:58:47,005] Step 02: Input user name textbox
[INFO ] [2021-07-19 23:58:47,227] Step 03: Input password textbox
[INFO ] [2021-07-19 23:58:47,392] Step 04: Click login button
[INFO ] [2021-07-19 23:58:51,262] Step 05: Verify login successful
[INFO ] [2021-07-19 23:58:51,350]  -------------------------- PASSED -------------------------- 
[INFO ] [2021-07-19 23:58:51,450] Step 01: Hover to PIM
[INFO ] [2021-07-19 23:58:51,633] Step 02: Select add employee
[INFO ] [2021-07-19 23:58:52,816] Step 03: Input firstname textbox
[INFO ] [2021-07-19 23:59:23,204] OS name = windows 10
[INFO ] [2021-07-19 23:59:23,977] ---------- QUIT BROWSER SUCCESS ----------
[INFO ] [2021-07-20 00:03:00,632] Step 01: Get login page
[INFO ] [2021-07-20 00:03:00,635] Step 02: Input user name textbox
[INFO ] [2021-07-20 00:03:00,879] Step 03: Input password textbox
[INFO ] [2021-07-20 00:03:01,082] Step 04: Click login button
[INFO ] [2021-07-20 00:03:04,929] Step 05: Verify login successful
[INFO ] [2021-07-20 00:03:05,015]  -------------------------- PASSED -------------------------- 
[INFO ] [2021-07-20 00:03:05,101] Step 01: Hover to PIM
[INFO ] [2021-07-20 00:03:05,279] Step 02: Select add employee
[INFO ] [2021-07-20 00:03:06,431] Step 03: Input firstname textbox
[INFO ] [2021-07-20 00:03:06,625] Step 04: Input middle name textbox
[INFO ] [2021-07-20 00:03:06,749] Step 05: Input lastname textbox
[INFO ] [2021-07-20 00:03:06,872] Step 06: Upload photo
[INFO ] [2021-07-20 00:03:06,997] Step 07: Click save button
[INFO ] [2021-07-20 00:03:11,689] Step 08: Verify add employee successful
[INFO ] [2021-07-20 00:03:11,777]  -------------------------- PASSED -------------------------- 
[INFO ] [2021-07-20 00:03:11,929] OS name = windows 10
[INFO ] [2021-07-20 00:03:12,731] ---------- QUIT BROWSER SUCCESS ----------
